GROUP,PACKAGE,CLASS,INSTRUCTION_MISSED,INSTRUCTION_COVERED,BRANCH_MISSED,BRANCH_COVERED,LINE_MISSED,LINE_COVERED,COMPLEXITY_MISSED,COMPLEXITY_COVERED,METHOD_MISSED,METHOD_COVERED
tp2qualdev,default,App,68,0,0,0,22,0,2,0,2,0
tp2qualdev,fr.einfolearning.tp2.utilitaires,EmacsAnalyze,135,0,14,0,20,0,9,0,2,0
tp2qualdev,fr.einfolearning.tp2.metiers,TextBuffer,0,86,0,20,0,21,0,16,0,6
tp2qualdev,fr.einfolearning.tp2.metiers,EmacsKillRing,11,54,3,3,2,14,3,6,1,5
tp2qualdev,fr.einfolearning.tp2.metiers,TextEditor,245,0,14,0,59,0,21,0,14,0
tp2qualdev,fr.einfolearning.tp2.metiers.exceptions,EmacsKillRingOverflowException,0,4,0,0,0,2,0,1,0,1
