<?xml version="1.0" encoding="UTF-8"?>
<testsuite xmlns:xsi="http://www.w3.org/2001/XMLSchema-instance" xsi:noNamespaceSchemaLocation="https://maven.apache.org/surefire/maven-surefire-plugin/xsd/surefire-test-report.xsd" name="TextBufferTest" time="0.052" tests="5" errors="0" skipped="0" failures="0">
  <properties>
[...]
</properties>
  <testcase name="testTextBufferDel" classname="TextBufferTest" time="0.028"/>
  <testcase name="testTextBufferIns" classname="TextBufferTest" time="0"/>
  <testcase name="TestTextBufferMaxP" classname="TextBufferTest" time="0.001"/>
  <testcase name="TestTextBufferToString" classname="TextBufferTest" time="0.001"/>
  <testcase name="testTextBufferSubstr" classname="TextBufferTest" time="0.001"/>
</testsuite>